** Note: (vlog-1901) OptionFile "//dm5/sqatest5/releases/production/Mentor/ModelSim/pc/modelsim_AE_10.1b/modeltech/win32acoem/vlog.opt" not found. Ignored.
Model Technology ModelSim ACTEL vlog 10.1b Compiler 2012.04 Apr 27 2012
-- Compiling module tb
-- Compiling module test_control
-- Compiling module uart_agent
-- Compiling module usb_agent
-- Compiling module host_usb_bfm
-- Compiling module usb_bfm_decoder
-- Compiling module usb_bfm_encoder
-- Compiling module usb_bfm_dpll
-- Compiling module usb_bfm_clk_switch
-- Compiling module usb_bfm_nrzi2nrz
-- Compiling module usb_bfm_ph_detect
-- Compiling module usb_bfm_pulse_puller
-- Compiling module usb1_core
-- Compiling module usb1_crc16
-- Compiling module usb1_crc5
-- Compiling module usb1_ctrl
-- Compiling module usb1_fifo2
-- Compiling module usb1_idma
-- Compiling module usb1_pa
-- Compiling module usb1_pd
-- Compiling module usb1_pe
-- Compiling module usb1_pl
-- Compiling module usb1_rom1
-- Compiling module usb1_utmi_if
-- Compiling module usb_phy
-- Compiling module usb_rx_phy
-- Compiling module usb_tx_phy
-- Compiling module generic_fifo_sc_a
-- Compiling module generic_dpram
-- Compiling module sync_fifo
-- Compiling module async_fifo
-- Compiling module uart_core
-- Compiling module uart_txfsm
-- Compiling module uart_rxfsm
-- Compiling module uart_cfg
-- Compiling module clk_ctl
-- Compiling module double_sync_high
-- Compiling module double_sync_low
-- Compiling module bit_register
-- Compiling module req_register
-- Compiling module stat_register
-- Compiling module generic_register
-- Compiling module generic_intr_stat_reg
-- Compiling module core

Top level modules:
	tb
	double_sync_high
	req_register
	generic_intr_stat_reg
